<?xml version="1.0" encoding="UTF-8"?>
<testsuite name="helloWorldExercise1.TestHelloWorldExercise1" tests="1" skipped="0" failures="0" errors="0" timestamp="2021-12-21T19:44:37" hostname="wagner-Inspiron-7572" time="0.144">
  <properties/>
  <testcase name="test" classname="helloWorldExercise1.TestHelloWorldExercise1" time="0.144"/>
  <system-out><![CDATA[]]></system-out>
  <system-err><![CDATA[]]></system-err>
</testsuite>
